<?xml version="1.0" encoding="UTF-8"?>
<!-- Generated by org.testng.reporters.JUnitReportReporter -->
<testsuite hostname="NOI-PG037B2M" failures="0" tests="1" name="TestProjPack.TestProj.AmazonHomepageTest" time="11.554" errors="0" timestamp="2025-04-08T00:43:03 IST" skipped="0">
  <testcase classname="TestProjPack.TestProj.AmazonHomepageTest" name="HomepageTest" time="11.554"/>
  <system-out/>
</testsuite> <!-- TestProjPack.TestProj.AmazonHomepageTest -->
