<?xml version="1.0" encoding="UTF-8"?>
<!-- Generated by org.testng.reporters.JUnitReportReporter -->
<testsuite hostname="NOI-PG037B2M" failures="0" tests="1" name="TestProjPack.TestProj.TestAmazonFlow" time="28.757" errors="0" timestamp="2025-05-08T20:42:19 IST" skipped="0">
  <testcase classname="TestProjPack.TestProj.TestAmazonFlow" name="TestCompFlow" time="28.757"/>
  <system-out>
    <![CDATA[Testcase is Passed]]>
  </system-out>
</testsuite> <!-- TestProjPack.TestProj.TestAmazonFlow -->
