<?xml version="1.0" encoding="UTF-8"?>
<!-- Generated by org.testng.reporters.JUnitReportReporter -->
<testsuite hostname="NOI-PG037B2M" failures="0" tests="1" name="TestProjPack.TestProj.LoginPageTest" time="9.584" errors="0" timestamp="2025-04-08T17:50:56 IST" skipped="0">
  <testcase classname="TestProjPack.TestProj.LoginPageTest" name="LoginpageTest" time="9.584"/>
  <system-out>
    <![CDATA[Testcase is Passed]]>
  </system-out>
</testsuite> <!-- TestProjPack.TestProj.LoginPageTest -->
