<?xml version="1.0" encoding="UTF-8"?>
<!-- Generated by org.testng.reporters.JUnitReportReporter -->
<testsuite hostname="NOI-PG037B2M" failures="0" tests="2" name="TestProjPack.TestProj.LoginPageTest" time="30.312" errors="0" timestamp="2025-04-08T19:04:26 IST" skipped="1">
  <testcase classname="TestProjPack.TestProj.LoginPageTest" name="LoginpageTest" time="7.207">
    <system-out>
      <![CDATA[Testcase is Passed]]>
    </system-out>
  </testcase> <!-- LoginpageTest -->
  <testcase classname="TestProjPack.TestProj.LoginPageTest" name="LoginpageTest" time="23.105">
    <skipped/>
  </testcase> <!-- LoginpageTest -->
  <system-out>
    <![CDATA[Testcase is Passed]]>
  </system-out>
</testsuite> <!-- TestProjPack.TestProj.LoginPageTest -->
